top - 15:18:28 up  1:05,  1 user,  load average: 1,39, 1,28, 1,33
Tasks: 255 total,   4 running, 250 sleeping,   1 stopped,   0 zombie
%Cpu(s): 30,6 us,  2,9 sy,  0,0 ni, 63,7 id,  2,7 wa,  0,0 hi,  0,1 si,  0,0 st
KiB Mem :  6103252 total,   115084 free,  5615760 used,   372408 buff/cache
KiB Swap: 11717628 total, 11491324 free,   226304 used.   137720 avail Mem 

  PID USER      PR  NI    VIRT    RES    SHR S  %CPU %MEM     TIME+ COMMAND
 3924 damian    20   0 1222376 920520   3676 R  88,9 15,1  53:44.88 python2
 1090 root      20   0  373792   4660      0 S  44,4  0,1   0:02.81 snapd
 7519 root       0 -20       0      0      0 S   5,6  0,0   0:00.44 kworker/2:+
 8267 damian    20   0   43020   3872   3224 R   5,6  0,1   0:00.02 top
    1 root      20   0  120212   3204   1564 S   0,0  0,1   0:02.04 systemd
    2 root      20   0       0      0      0 S   0,0  0,0   0:00.00 kthreadd
    6 root       0 -20       0      0      0 S   0,0  0,0   0:00.00 mm_percpu_+
    7 root      20   0       0      0      0 S   0,0  0,0   0:00.18 ksoftirqd/0
    8 root      20   0       0      0      0 S   0,0  0,0   0:03.72 rcu_sched
    9 root      20   0       0      0      0 S   0,0  0,0   0:00.00 rcu_bh
   10 root      rt   0       0      0      0 S   0,0  0,0   0:00.00 migration/0
   11 root      rt   0       0      0      0 S   0,0  0,0   0:00.01 watchdog/0
   12 root      20   0       0      0      0 S   0,0  0,0   0:00.00 cpuhp/0
   13 root      20   0       0      0      0 S   0,0  0,0   0:00.00 cpuhp/1
   14 root      rt   0       0      0      0 S   0,0  0,0   0:00.01 watchdog/1
   15 root      rt   0       0      0      0 S   0,0  0,0   0:00.01 migration/1
   16 root      20   0       0      0      0 S   0,0  0,0   0:00.17 ksoftirqd/1
   19 root      20   0       0      0      0 S   0,0  0,0   0:00.00 cpuhp/2
   20 root      rt   0       0      0      0 S   0,0  0,0   0:00.00 watchdog/2
   21 root      rt   0       0      0      0 S   0,0  0,0   0:00.00 migration/2
   22 root      20   0       0      0      0 S   0,0  0,0   0:00.33 ksoftirqd/2
   25 root      20   0       0      0      0 S   0,0  0,0   0:00.00 cpuhp/3
   26 root      rt   0       0      0      0 S   0,0  0,0   0:00.01 watchdog/3
   27 root      rt   0       0      0      0 S   0,0  0,0   0:00.00 migration/3
   28 root      20   0       0      0      0 S   0,0  0,0   0:00.27 ksoftirqd/3
   31 root      20   0       0      0      0 S   0,0  0,0   0:00.00 kdevtmpfs
   32 root       0 -20       0      0      0 S   0,0  0,0   0:00.00 netns
   33 root      20   0       0      0      0 S   0,0  0,0   0:00.81 kworker/0:1
   34 root      20   0       0      0      0 S   0,0  0,0   0:06.75 kworker/1:1
   35 root      20   0       0      0      0 S   0,0  0,0   0:00.00 khungtaskd
   36 root      20   0       0      0      0 S   0,0  0,0   0:00.00 oom_reaper
   37 root       0 -20       0      0      0 S   0,0  0,0   0:00.00 writeback
   38 root      20   0       0      0      0 S   0,0  0,0   0:00.00 kcompactd0
   39 root      25   5       0      0      0 S   0,0  0,0   0:00.00 ksmd
   40 root      39  19       0      0      0 S   0,0  0,0   0:00.00 khugepaged
   41 root       0 -20       0      0      0 S   0,0  0,0   0:00.00 crypto
   42 root       0 -20       0      0      0 S   0,0  0,0   0:00.00 kintegrityd
   43 root       0 -20       0      0      0 S   0,0  0,0   0:00.00 kblockd
   44 root       0 -20       0      0      0 S   0,0  0,0   0:00.00 ata_sff
   45 root       0 -20       0      0      0 S   0,0  0,0   0:00.00 md
   46 root       0 -20       0      0      0 S   0,0  0,0   0:00.00 edac-poller
   47 root       0 -20       0      0      0 S   0,0  0,0   0:00.00 devfreq_wq
   48 root       0 -20       0      0      0 S   0,0  0,0   0:00.00 watchdogd
   49 root      20   0       0      0      0 S   0,0  0,0   0:00.59 kworker/2:1
   52 root      20   0       0      0      0 S   0,0  0,0   0:00.00 kauditd
   53 root      20   0       0      0      0 S   0,0  0,0   0:12.35 kswapd0
   54 root      20   0       0      0      0 S   0,0  0,0   0:00.00 ecryptfs-k+
   96 root       0 -20       0      0      0 S   0,0  0,0   0:00.00 kthrotld
   97 root       0 -20       0      0      0 S   0,0  0,0   0:00.00 acpi_therm+
   98 root      20   0       0      0      0 S   0,0  0,0   0:00.00 scsi_eh_0
   99 root       0 -20       0      0      0 S   0,0  0,0   0:00.00 scsi_tmf_0
  100 root      20   0       0      0      0 S   0,0  0,0   0:00.00 scsi_eh_1
  101 root       0 -20       0      0      0 S   0,0  0,0   0:00.00 scsi_tmf_1
  103 root      20   0       0      0      0 S   0,0  0,0   0:00.01 scsi_eh_2
  104 root       0 -20       0      0      0 S   0,0  0,0   0:00.00 scsi_tmf_2
  105 root      20   0       0      0      0 S   0,0  0,0   0:00.01 scsi_eh_3
  106 root       0 -20       0      0      0 S   0,0  0,0   0:00.00 scsi_tmf_3
  113 root       0 -20       0      0      0 S   0,0  0,0   0:00.00 ipv6_addrc+
  139 root       0 -20       0      0      0 S   0,0  0,0   0:00.00 charger_ma+
  195 root      20   0       0      0      0 S   0,0  0,0   0:00.00 scsi_eh_4
  196 root       0 -20       0      0      0 S   0,0  0,0   0:00.00 scsi_tmf_4
  197 root      20   0       0      0      0 S   0,0  0,0   0:00.00 scsi_eh_5
  198 root       0 -20       0      0      0 S   0,0  0,0   0:00.00 scsi_tmf_5
  209 root       0 -20       0      0      0 S   0,0  0,0   0:00.00 ttm_swap
  245 root      20   0       0      0      0 S   0,0  0,0   0:00.01 jbd2/sda1-8
  246 root       0 -20       0      0      0 S   0,0  0,0   0:00.00 ext4-rsv-c+
  279 root      20   0   34832   3172   2948 S   0,0  0,1   0:00.36 systemd-jo+
  295 root      20   0   45840    560    352 S   0,0  0,0   0:00.43 systemd-ud+
  385 root      20   0       0      0      0 S   0,0  0,0   0:00.00 kworker/3:2
  481 root       0 -20       0      0      0 S   0,0  0,0   0:00.00 cfg80211
  739 root      20   0       0      0      0 S   0,0  0,0   0:00.39 jbd2/sdb2-8
  740 root       0 -20       0      0      0 S   0,0  0,0   0:00.00 ext4-rsv-c+
  745 root      20   0       0      0      0 S   0,0  0,0   0:00.11 jbd2/sdb3-8
  746 root       0 -20       0      0      0 S   0,0  0,0   0:00.00 ext4-rsv-c+
  765 root      20   0       0      0      0 S   0,0  0,0   0:00.07 jbd2/sdb4-8
  766 root       0 -20       0      0      0 S   0,0  0,0   0:00.00 ext4-rsv-c+
  871 root       0 -20       0      0      0 S   0,0  0,0   0:00.00 loop0
  872 root       0 -20       0      0      0 S   0,0  0,0   0:00.00 loop1
  873 root       0 -20       0      0      0 R   0,0  0,0   0:00.12 loop2
  875 root       0 -20       0      0      0 S   0,0  0,0   0:00.00 loop3
  876 root       0 -20       0      0      0 S   0,0  0,0   0:00.00 loop4
  877 root       0 -20       0      0      0 S   0,0  0,0   0:00.00 loop5
  878 root       0 -20       0      0      0 S   0,0  0,0   0:00.00 loop6
  879 root       0 -20       0      0      0 S   0,0  0,0   0:00.00 loop7
  886 root       0 -20       0      0      0 S   0,0  0,0   0:00.00 loop8
 1064 root      20   0  413640   2216   2216 S   0,0  0,0   0:00.03 ModemManag+
 1072 syslog    20   0  332484   1432   1208 S   0,0  0,0   0:00.52 rsyslogd
 1079 root      20   0    4396   1012   1012 S   0,0  0,0   0:00.68 acpid
 1083 root      20   0   28640   1356   1216 S   0,0  0,0   0:00.06 systemd-lo+
 1096 root      20   0   94452   2364   2340 S   0,0  0,0   0:00.01 cupsd
 1101 root      20   0   30228   1484   1392 S   0,0  0,0   0:00.01 cron
 1114 avahi     20   0   44908   1888   1724 S   0,0  0,0   0:00.16 avahi-daem+
 1115 message+  20   0   44268   3076   1892 S   0,0  0,1   0:01.04 dbus-daemon
 1127 root      20   0  450548   3536   2088 S   0,0  0,1   0:01.15 NetworkMan+
 1129 root      20   0  277088   2668   2560 S   0,0  0,0   0:00.16 accounts-d+
 1130 avahi     20   0   44780     36      0 S   0,0  0,0   0:00.00 avahi-daem+
 1152 root       0 -20   18484   6188   3552 S   0,0  0,1   0:00.41 atop
 1181 root      20   0  274816   2772   2772 S   0,0  0,0   0:00.03 cups-brows+
 1183 root      20   0  278960   3040   2476 S   0,0  0,0   0:00.28 polkitd
 1187 root      20   0   19472    120      0 S   0,0  0,0   0:00.13 irqbalance
 1192 lp        20   0   81244   1892   1892 S   0,0  0,0   0:00.00 dbus
 1197 rabbitmq  20   0    4504    564    564 S   0,0  0,0   0:00.00 rabbitmq-s+
 1200 root      20   0   65508   1068   1068 S   0,0  0,0   0:00.01 sshd
 1214 rabbitmq  20   0    4504   1584   1584 S   0,0  0,0   0:00.00 rabbitmq-s+
 1232 mysql     20   0 1173200   1660   1452 S   0,0  0,0   0:02.30 mysqld
 1304 root       0 -20       0      0      0 S   0,0  0,0   0:00.00 iprt-VBoxW+
 1351 rabbitmq  20   0   26304     32      0 S   0,0  0,0   0:00.03 epmd
 1442 root      20   0  350408   2896   2640 S   0,0  0,0   0:00.02 lightdm
 1469 root      20   0   44028   1376   1152 S   0,0  0,0   0:00.16 wpa_suppli+
 1471 root      20   0  499284  42436  29708 S   0,0  0,7   3:05.05 Xorg
 1483 rabbitmq  20   0 2191772  15068   2844 S   0,0  0,2   0:15.07 beam.smp
 1667 root      20   0   16120   1716   1716 S   0,0  0,0   0:00.00 dhclient
 1678 nobody    20   0   54084    872    788 S   0,0  0,0   0:00.10 dnsmasq
 1852 root      20   0  230304   2836   2640 S   0,0  0,0   0:00.02 lightdm
 1938 rtkit     21   1  183544   2020   2020 S   0,0  0,0   0:00.05 rtkit-daem+
 1942 root      20   0  348544   1508   1112 S   0,0  0,0   0:00.24 upowerd
 1978 rabbitmq  20   0    7504    564    544 S   0,0  0,0   0:00.03 inet_getho+
 1979 rabbitmq  20   0    9624   1048    980 S   0,0  0,0   0:00.00 inet_getho+
 1985 colord    20   0  302472   3072   3072 S   0,0  0,1   0:00.12 colord
 2021 whoopsie  20   0  374004   3068   3068 S   0,0  0,1   0:00.02 whoopsie
 2041 root      20   0   17156   1452   1316 S   0,0  0,0   0:00.00 agetty
 2085 tomcat7   20   0 3021892  64348   2072 S   0,0  1,1   0:08.12 java
 2120 root      20   0   71592   1800   1736 S   0,0  0,0   0:00.12 apache2
 2124 www-data  20   0  360756   1280   1228 S   0,0  0,0   0:00.99 apache2
 2126 www-data  20   0  360756   1280   1228 S   0,0  0,0   0:01.00 apache2
 2269 root      20   0   65408   1348   1252 S   0,0  0,0   0:00.01 master
 2270 postfix   20   0   67476    632    552 S   0,0  0,0   0:00.00 pickup
 2271 postfix   20   0   67524   2012   1912 S   0,0  0,0   0:00.00 qmgr
 2309 damian    20   0   45356   2740   1820 S   0,0  0,0   0:00.02 systemd
 2310 damian    20   0  145756   1012      0 S   0,0  0,0   0:00.00 (sd-pam)
 2316 damian    20   0  207736   2448    572 S   0,0  0,0   0:00.22 gnome-keyr+
 2318 damian    20   0   47700   2432   1256 S   0,0  0,0   0:00.22 upstart
 2397 damian    20   0   34080    268      0 S   0,0  0,0   0:00.01 upstart-ud+
 2407 damian    20   0   44004   3360   1700 S   0,0  0,1   0:01.46 dbus-daemon
 2419 damian    20   0   87568   1632    912 S   0,0  0,0   0:00.07 window-sta+
 2451 damian    20   0  426104   9684   1920 S   0,0  0,2   0:21.01 ibus-daemon
 2467 damian    20   0  525732  10328   3856 S   0,0  0,2   0:01.74 bamfdaemon
 2474 damian    20   0  275744   2556   1812 S   0,0  0,0   0:00.04 gvfsd
 2482 damian    20   0   42504    412      0 S   0,0  0,0   0:00.01 upstart-fi+
 2483 damian    20   0   34012    332      0 S   0,0  0,0   0:00.12 upstart-db+
 2484 damian    20   0  406864   2408   1944 S   0,0  0,0   0:00.00 gvfsd-fuse
 2487 damian    20   0   34124   1360    988 S   0,0  0,0   0:00.31 upstart-db+
 2490 damian    20   0  265488   2768   2224 S   0,0  0,0   0:00.00 ibus-dconf
 2493 damian    20   0  478816   8576   3544 S   0,0  0,1   0:02.64 ibus-ui-gt+
 2495 damian    20   0  429020   7484   3980 S   0,0  0,1   0:00.10 ibus-x11
 2514 damian    20   0  189740   1884   1332 S   0,0  0,0   0:04.47 ibus-engin+
 2521 damian    20   0  167756   1116    864 S   0,0  0,0   0:00.09 gpg-agent
 2531 damian    20   0  727360  21820   3268 S   0,0  0,4   0:07.87 hud-service
 2533 damian    20   0  860364  15856   4544 S   0,0  0,3   0:02.88 unity-sett+
 2539 damian    20   0  338028   3036   2492 S   0,0  0,0   0:00.01 at-spi-bus+
 2541 damian    20   0  566892   3824   1616 S   0,0  0,1   0:00.16 gnome-sess+
 2552 damian    20   0   43024   2492   1872 S   0,0  0,0   0:00.11 dbus-daemon
 2555 damian    20   0  647084  20540   5244 S   0,0  0,3   0:03.92 unity-pane+
 2563 damian    20   0  206884   2776   2144 S   0,0  0,0   0:00.39 at-spi2-re+
 2589 damian    20   0  356112   3584   2540 S   0,0  0,1   0:00.02 indicator-+
 2590 damian    20   0  408360   2976   2408 S   0,0  0,0   0:00.00 indicator-+
 2602 damian    20   0  570588   4120   1472 S   0,0  0,1   0:00.04 indicator-+
 2604 damian    20   0 1234308   4880   2248 S   0,0  0,1   0:00.11 indicator-+
 2605 damian    20   0  715952   7784   2568 S   0,0  0,1   0:00.20 indicator-+
 2606 damian    20   0  738620   3016   1356 S   0,0  0,0   0:00.08 indicator-+
 2607 damian    20   0  622588   6804   2812 S   0,0  0,1   0:00.13 indicator-+
 2608 damian    20   0  954120   1884   1024 S   0,0  0,0   0:00.04 indicator-+
 2613 damian    20   0  476880   3520   1920 S   0,0  0,1   0:00.26 indicator-+
 2657 damian    20   0 1244136   6668   2812 S   0,0  0,1   0:00.09 evolution-+
 2666 damian     9 -11  584768   6824   2668 S   0,0  0,1   0:03.72 pulseaudio
 2679 damian    20   0  178796   3068   2332 S   0,0  0,1   0:00.02 dconf-serv+
 2702 damian    20   0  864256  41236   3312 S   0,0  0,7   0:00.18 evolution-+
 2722 damian    20   0  882768  38764   2400 S   0,0  0,6   0:00.12 evolution-+
 2723 damian    20   0 1558932 128792   7848 S   0,0  2,1   1:28.67 compiz
 2736 damian    20   0  691812   5512   2728 S   0,0  0,1   0:00.05 evolution-+
 2738 damian    20   0 1063628  39152   2684 S   0,0  0,6   0:00.12 evolution-+
 2745 damian    20   0  767304   5264   2760 S   0,0  0,1   0:00.04 evolution-+
 2776 damian    20   0  488380   9308   4640 S   0,0  0,2   0:00.23 notify-osd
 2786 damian    20   0  737260  52960   4152 S   0,0  0,9   0:01.34 gnome-soft+
 2787 damian    20   0  578204   7460   4044 S   0,0  0,1   0:00.13 unity-fall+
 2788 damian    20   0  738396  10900   5292 S   0,0  0,2   0:01.39 nm-applet
 2791 damian    20   0  430656   5056   1780 S   0,0  0,1   0:00.11 polkit-gno+
 2795 damian    20   0 2377084  55260   4088 S   0,0  0,9   0:15.42 zoiper
 2806 damian    20   0 1439872  27816  17372 S   0,0  0,5   0:02.83 nautilus
 2816 damian    20   0  286672   2984   1816 S   0,0  0,0   0:00.11 gvfs-udisk+
 2819 root      20   0  367184   4396   2092 S   0,0  0,1   0:01.71 udisksd
 2829 root      20   0  505992  24716   1204 S   0,0  0,4   0:00.94 fwupd
 2832 damian    20   0 3537636  66860  16732 S   0,0  1,1   0:06.42 skypeforli+
 2840 damian    20   0  404828   3528   2504 S   0,0  0,1   0:00.01 gvfs-afc-v+
 2846 damian    20   0  258756   2804   2312 S   0,0  0,0   0:00.01 gvfs-goa-v+
 2851 damian    20   0  273056   2764   2092 S   0,0  0,0   0:00.01 gvfs-gphot+
 2857 damian    20   0  260860   2364   1812 S   0,0  0,0   0:00.00 gvfs-mtp-v+
 2864 damian    20   0  318024   5784   3132 S   0,0  0,1   0:00.02 skypeforli+
 2870 damian    20   0 3307912 104304     12 S   0,0  1,7   0:10.56 dropbox
 2888 damian    20   0   62516   2284   1680 S   0,0  0,0   0:00.00 gconfd-2
 2906 damian    20   0  625736  13152   3724 S   0,0  0,2   0:00.05 zoiper
 2936 damian    20   0  351900   2916   2204 S   0,0  0,0   0:00.05 gvfsd-trash
 2948 damian    20   0 1973704  49316   5544 S   0,0  0,8   0:08.44 zoiper
 2986 damian    20   0 3462676 129396  24432 S   0,0  2,1   0:07.84 skypeforli+
 3065 damian    20   0  187616   3200   2332 S   0,0  0,1   0:00.01 gvfsd-meta+
 3208 uuidd     20   0   29376    288     96 S   0,0  0,0   0:00.00 uuidd
 3216 damian    20   0    4504    552    480 S   0,0  0,0   0:00.00 sh
 3220 damian    20   0  344980   2716   1408 S   0,0  0,0   0:00.08 zeitgeist-+
 3227 damian    20   0  371240  56904    436 S   0,0  0,9   0:00.79 zeitgeist-+
 3229 damian    20   0  518628   4960   2420 S   0,0  0,1   0:00.27 zeitgeist-+
 3310 damian    20   0  524264   7184   3644 S   0,0  0,1   0:00.20 update-not+
 3368 damian    20   0  428476   7152   3892 S   0,0  0,1   0:00.05 Java Eclip+
 3389 damian    20   0 6678988 1,230g  13520 S   0,0 21,1   9:39.58 java
 3436 damian    20   0  363028   3608   2664 S   0,0  0,1   0:00.04 deja-dup-m+
 3536 damian    20   0 2260072  13768   3116 S   0,0  0,2   0:00.21 WebKitNetw+
 3606 damian    20   0  653580  12120   5496 S   0,0  0,2   2:40.72 deja-dup
 3854 root      20   0       0      0      0 S   0,0  0,0   0:01.44 kworker/0:2
 4038 damian    20   0 2136492  13744   4568 S   0,0  0,2   0:03.78 WebKitWebP+
 4100 damian    20   0 1257124 122000  14436 S   0,0  2,0   1:21.95 chrome
 4107 damian    20   0    8664    176    108 S   0,0  0,0   0:00.00 cat
 4108 damian    20   0    8664    220    152 S   0,0  0,0   0:00.00 cat
 4111 damian    20   0  421040  14548   4452 S   0,0  0,2   0:00.16 chrome
 4112 damian    20   0   25720   2584   2040 S   0,0  0,0   0:00.00 nacl_helper
 4115 damian    20   0  421040  11488   1392 S   0,0  0,2   0:00.04 chrome
 4168 damian    20   0  705052  69296  15164 S   0,0  1,1   0:22.49 chrome
 4259 damian    20   0 1015260  15192   2016 S   0,0  0,2   0:00.68 chrome
 4267 damian    20   0 1614724 159432   9100 S   0,0  2,6   0:20.36 chrome
 4284 damian    20   0 1085896  23976   7220 S   0,0  0,4   0:00.19 chrome
 4294 damian    20   0 1131144  40628   8272 S   0,0  0,7   0:04.26 chrome
 4371 damian    20   0 1332232 182012  11680 S   0,0  3,0   1:36.04 chrome
 4384 damian    20   0 1954760 221132  23116 S   0,0  3,6   0:18.77 chrome
 4402 damian    20   0 1155340  59716   7812 S   0,0  1,0   0:01.41 chrome
 4418 damian    20   0 1182620  78676   6560 S   0,0  1,3   0:02.19 chrome
 4433 damian    20   0 1419796 258248  11500 S   0,0  4,2   0:33.61 chrome
 4452 damian    20   0 1410520 242524  11432 S   0,0  4,0   0:30.11 chrome
 4470 damian    20   0 1166460  51472   6552 S   0,0  0,8   0:01.50 chrome
 4486 damian    20   0 1230244  88888   9112 S   0,0  1,5   0:09.09 chrome
 4502 damian    20   0 1160356  52352   8824 S   0,0  0,9   0:02.61 chrome
 4526 damian    20   0 1230752  81212   9156 S   0,0  1,3   0:04.94 chrome
 4540 damian    20   0 1307784 133112   9832 S   0,0  2,2   0:26.25 chrome
 4558 damian    20   0 1935104 218168  11132 S   0,0  3,6   0:15.18 chrome
 4583 damian    20   0  664820  15092   5564 S   0,0  0,2   0:10.81 gnome-term+
 4622 damian    20   0 1165512  52148   6024 S   0,0  0,9   0:01.43 chrome
 4812 root       0 -20       0      0      0 S   0,0  0,0   0:00.97 kworker/0:+
 5519 root      20   0       0      0      0 S   0,0  0,0   0:03.92 kworker/3:0
 5674 root      20   0       0      0      0 S   0,0  0,0   0:03.67 kworker/2:0
 6002 damian    20   0   24336   4308   1888 S   0,0  0,1   0:00.06 bash
 6056 mongodb   20   0 1141640  44368   4068 S   0,0  0,7   0:07.91 mongod
 6117 damian    20   0  646276   6272   1964 S   0,0  0,1   0:00.20 unity-scop+
 6128 damian    20   0  575624  10004   2240 S   0,0  0,2   0:00.32 unity-scop+
 6130 damian    20   0  648516   5316   2932 S   0,0  0,1   0:00.10 unity-file+
 6167 damian    20   0 5353892 270820    724 S   0,0  4,4   0:29.63 java
 6447 root       0 -20       0      0      0 R   0,0  0,0   0:01.07 kworker/3:+
 6692 root      20   0       0      0      0 S   0,0  0,0   0:01.08 kworker/u8+
 6697 root      20   0       0      0      0 S   0,0  0,0   0:00.00 kworker/1:2
 6977 damian    20   0   24284   5040   2672 S   0,0  0,1   0:00.30 bash
 7121 root      20   0       0      0      0 S   0,0  0,0   0:01.19 kworker/u8+
 7383 root       0 -20       0      0      0 S   0,0  0,0   0:00.00 kworker/1:+
 7647 root      20   0       0      0      0 S   0,0  0,0   0:00.50 kworker/u8+
 7723 root       0 -20       0      0      0 S   0,0  0,0   0:00.00 kworker/0:+
 7764 damian    20   0   34044   1956   1652 T   0,0  0,0   0:00.00 top
 7896 root       0 -20       0      0      0 S   0,0  0,0   0:00.00 kworker/2:+
 7898 root       0 -20       0      0      0 S   0,0  0,0   0:00.00 kworker/3:+
 7904 root       0 -20       0      0      0 S   0,0  0,0   0:00.28 kworker/1:+
 7979 damian    20   0   24204   4100   1824 S   0,0  0,1   0:00.06 bash
